07-02-2023 17:02:04 - main - INFO - <module> - Start program
07-02-2023 17:02:11 - user_interface - INFO - menu - Stop program
08-02-2023 12:21:35 - main - INFO - <module> - Start program
08-02-2023 12:32:17 - main - INFO - <module> - Start program
08-02-2023 12:34:03 - main - INFO - <module> - Start program
08-02-2023 12:35:29 - main - INFO - <module> - Start program
08-02-2023 12:35:36 - user_interface - INFO - menu_calc - Sum: 2 + 3 = 23
08-02-2023 12:36:49 - main - INFO - <module> - Start program
08-02-2023 12:36:54 - user_interface - INFO - menu_calc - Stop calc menu
08-02-2023 12:36:55 - user_interface - INFO - menu - Stop program
08-02-2023 22:30:26 - main - INFO - <module> - Start program
08-02-2023 22:30:32 - user_interface - INFO - menu - Stop program
08-02-2023 22:31:24 - main - INFO - <module> - Start program
08-02-2023 22:34:11 - user_interface - INFO - menu_calc - Return menu
08-02-2023 22:34:13 - user_interface - INFO - menu - Stop program
08-02-2023 22:34:18 - main - INFO - <module> - Start program
09-02-2023 12:26:30 - user_interface - INFO - menu_calc - Return menu
09-02-2023 12:26:32 - user_interface - INFO - menu - Stop program
09-02-2023 12:26:40 - main - INFO - <module> - Start program
09-02-2023 12:26:55 - user_interface - INFO - menu_calc - Div: 2 + 2.3 = 4.3
09-02-2023 12:27:06 - user_interface - INFO - menu_calc - Div: 2.3 + 2 = 4.3
09-02-2023 12:27:18 - user_interface - INFO - menu_calc - Div: 4 - 2.3 = 1.7000000000000002
09-02-2023 12:32:42 - main - INFO - <module> - Start program
09-02-2023 12:40:45 - main - INFO - <module> - Start program
09-02-2023 12:41:13 - main - INFO - <module> - Start program
09-02-2023 12:42:52 - main - INFO - <module> - Start program
09-02-2023 13:33:11 - main - INFO - <module> - Start program
09-02-2023 13:33:21 - user_interface - INFO - menu_calc - Div: -1 + 1 = 0
09-02-2023 13:33:28 - user_interface - INFO - menu_calc - Div: -1 - 1 = -2
09-02-2023 13:33:38 - user_interface - INFO - menu_calc - Div: 1 + -1.2 = -0.19999999999999996
09-02-2023 13:34:00 - user_interface - INFO - menu_calc - Div: 2 * 2 = 4
09-02-2023 13:34:07 - user_interface - INFO - menu_calc - Div: -2 * 2 = -4
09-02-2023 13:35:20 - user_interface - INFO - menu_calc - Div: 3 * 2 = 6
09-02-2023 13:35:33 - main - INFO - <module> - Start program
09-02-2023 13:35:39 - user_interface - INFO - menu_calc - Div: -3 * -3 = 9
09-02-2023 13:37:00 - user_interface - INFO - menu_calc - Div: 2.2 * -2.2 = -4.840000000000001
09-02-2023 13:41:47 - main - INFO - <module> - Start program
09-02-2023 13:41:56 - user_interface - INFO - menu_calc - Number 2 = 0, data error!
09-02-2023 13:42:19 - user_interface - INFO - menu_calc - Return menu
09-02-2023 13:42:29 - user_interface - INFO - menu_calc - Return menu
09-02-2023 13:43:08 - user_interface - INFO - menu_calc - Return menu
09-02-2023 13:43:09 - user_interface - INFO - menu - Stop program
09-02-2023 13:48:49 - main - INFO - <module> - Start program
09-02-2023 13:48:51 - user_interface - INFO - menu_calc - Start menu calc. With rational.
09-02-2023 13:48:57 - user_interface - INFO - menu_calc - Return menu
09-02-2023 13:51:26 - user_interface - INFO - menu - Stop program
09-02-2023 13:51:28 - main - INFO - <module> - Start program
09-02-2023 13:51:29 - user_interface - INFO - menu_calc - Start menu calc. With rational.
09-02-2023 13:51:50 - user_interface - WARNING - menu_calc - Main menu, wrong item selected.
09-02-2023 13:51:54 - user_interface - WARNING - menu_calc - Main menu, wrong item selected.
09-02-2023 13:51:57 - main - INFO - <module> - Start program
09-02-2023 13:51:58 - user_interface - INFO - menu_calc - Start menu calc. With rational.
09-02-2023 13:51:59 - user_interface - INFO - menu_calc - Return menu
09-02-2023 13:52:21 - user_interface - INFO - menu - Stop program
09-02-2023 13:52:24 - main - INFO - <module> - Start program
09-02-2023 13:52:25 - user_interface - INFO - menu_calc - Start menu calc. With rational.
09-02-2023 13:52:27 - user_interface - INFO - menu_calc - Return menu
09-02-2023 13:52:31 - user_interface - INFO - menu_calc - Start menu calc. With rational.
09-02-2023 13:52:39 - user_interface - INFO - menu_calc - Number 2 = 2, data error!
09-02-2023 13:54:00 - user_interface - INFO - menu_calc - Number 2 = 2, data error!
09-02-2023 13:54:53 - user_interface - INFO - menu_calc - Return menu
09-02-2023 13:54:54 - user_interface - INFO - menu - Stop program
09-02-2023 14:06:22 - main - INFO - <module> - Start program
09-02-2023 14:06:23 - user_interface - INFO - menu_calc - Start menu calc. With rational.
09-02-2023 14:09:16 - main - INFO - <module> - Start program
09-02-2023 14:09:18 - user_interface - INFO - menu_calc - Start menu calc. With rational.
09-02-2023 14:11:37 - main - INFO - <module> - Start program
09-02-2023 14:11:38 - user_interface - INFO - menu_calc - Start menu calc. With rational.
09-02-2023 14:12:16 - main - INFO - <module> - Start program
09-02-2023 14:12:16 - user_interface - INFO - menu_calc - Start menu calc. With rational.
09-02-2023 14:25:16 - main - INFO - <module> - Start program
09-02-2023 14:25:20 - user_interface - INFO - menu_calc - Start menu calc. With rational.
09-02-2023 14:29:51 - main - INFO - <module> - Start program
09-02-2023 14:29:59 - user_interface - INFO - menu - Stop program
09-02-2023 14:30:35 - main - INFO - <module> - Start program
09-02-2023 14:30:37 - user_interface - INFO - menu_calc - Start menu calc. With rational.
09-02-2023 14:37:26 - main - INFO - <module> - Start program
09-02-2023 14:37:28 - user_interface - INFO - menu_calc - Start menu calc. With rational.
09-02-2023 14:41:59 - main - INFO - <module> - Start program
09-02-2023 14:42:03 - user_interface - INFO - menu_calc - Start menu calc. With rational.
09-02-2023 14:42:06 - user_interface - INFO - menu_calc - Div: 1 / 2 = 0.5
09-02-2023 14:44:56 - main - INFO - <module> - Start program
09-02-2023 14:45:02 - user_interface - INFO - menu_calc - Start menu calc. With rational.
09-02-2023 14:45:06 - user_interface - INFO - menu_calc - Div: 2 / 4 = 0.5
09-02-2023 14:45:14 - user_interface - INFO - menu_calc - Div: 2 / 2 = 1.0
09-02-2023 14:45:19 - user_interface - INFO - menu_calc - Div: 2 - 0 = 2
09-02-2023 14:47:33 - main - INFO - <module> - Start program
09-02-2023 14:47:35 - user_interface - INFO - menu_calc - Start menu calc. With rational.
09-02-2023 14:47:45 - user_interface - INFO - menu_calc - Div: 2 / 2 = 1.0
09-02-2023 14:53:06 - main - INFO - <module> - Start program
09-02-2023 14:53:07 - user_interface - INFO - menu_calc - Start menu calc. With rational.
09-02-2023 14:53:12 - user_interface - INFO - menu_calc - Div: 2 / 2 = 1.0
09-02-2023 14:55:09 - user_interface - INFO - menu_calc - Div: 2 / 2 = 1.0
09-02-2023 14:55:11 - user_interface - INFO - menu_calc - Return menu
09-02-2023 14:55:12 - user_interface - INFO - menu - Stop program
09-02-2023 14:55:14 - main - INFO - <module> - Start program
09-02-2023 14:55:15 - user_interface - INFO - menu_calc - Start menu calc. With rational.
09-02-2023 14:55:21 - user_interface - INFO - menu_calc - Div: 2 / 2 = 1.0
09-02-2023 14:55:37 - user_interface - INFO - menu_calc - Div: 2 ** 0.5 = 1.4142135623730951
09-02-2023 14:55:43 - user_interface - INFO - menu_calc - Div: 4 ** 0.5 = 2.0
09-02-2023 14:58:14 - user_interface - INFO - menu_calc - Return menu
09-02-2023 14:58:14 - user_interface - INFO - menu - Stop program
09-02-2023 14:58:16 - main - INFO - <module> - Start program
09-02-2023 14:58:18 - user_interface - INFO - menu_calc - Start menu calc. With rational.
09-02-2023 14:58:27 - user_interface - INFO - menu_calc - Div: 2 / 3 = 0.67
09-02-2023 14:58:34 - user_interface - INFO - menu_calc - Div: 3 ** 0.5 = 1.73
09-02-2023 14:58:58 - user_interface - INFO - menu_calc - Div: 2 ** 2 = 4
09-02-2023 14:59:04 - user_interface - INFO - menu_calc - Div: 2 ** 3 = 8
09-02-2023 14:59:11 - user_interface - INFO - menu_calc - Div: 2 - 4 = -2
09-02-2023 14:59:32 - user_interface - INFO - menu_calc - Div: 0.2 ** 0.5 = 0.45
09-02-2023 14:59:59 - user_interface - INFO - menu_calc - Div: 0.2 ** 2 = 0.04000000000000001
09-02-2023 15:00:29 - main - INFO - <module> - Start program
09-02-2023 15:00:33 - user_interface - INFO - menu_calc - Start menu calc. With rational.
09-02-2023 15:00:37 - user_interface - INFO - menu_calc - Div: 0.25 ** 2 = 0.0625
09-02-2023 15:00:58 - user_interface - INFO - menu_calc - Return menu
09-02-2023 15:01:00 - user_interface - INFO - menu - Stop program
09-02-2023 15:01:11 - main - INFO - <module> - Start program
09-02-2023 15:01:12 - user_interface - INFO - menu_calc - Start menu calc. With rational.
09-02-2023 15:01:16 - user_interface - INFO - menu_calc - Div: 0.2 ** 2 = 0.04
09-02-2023 15:01:31 - user_interface - INFO - menu_calc - Div: 0.125 ** 2 = 0.0156
09-02-2023 15:01:59 - user_interface - INFO - menu_calc - Return menu
09-02-2023 15:02:03 - user_interface - INFO - menu - Stop program
09-02-2023 15:02:04 - main - INFO - <module> - Start program
09-02-2023 15:02:04 - user_interface - INFO - menu_calc - Start menu calc. With rational.
09-02-2023 15:02:22 - user_interface - INFO - menu_calc - Div: 0.125 ** 2 = 0.015625
09-02-2023 15:03:52 - user_interface - INFO - menu_calc - Return menu
09-02-2023 15:03:53 - user_interface - INFO - menu - Stop program
09-02-2023 15:17:17 - main - INFO - <module> - Start program
09-02-2023 15:17:18 - user_interface - INFO - menu_calc - Start menu calc. With rational.
09-02-2023 15:17:55 - user_interface - INFO - menu_calc - Div: 2 / 4 = 0.5
09-02-2023 15:18:04 - user_interface - INFO - menu_calc - Div: 2 // 4 = 0
09-02-2023 15:18:17 - user_interface - WARNING - menu_calc - Main menu, wrong item selected.
09-02-2023 15:18:23 - user_interface - INFO - menu_calc - Div: 4 // 2 = 2
09-02-2023 15:18:39 - user_interface - INFO - menu_calc - Div: 15 % 4 = 3
09-02-2023 15:18:50 - user_interface - INFO - menu_calc - Return menu
09-02-2023 15:18:52 - user_interface - INFO - menu - Stop program
09-02-2023 15:21:03 - main - INFO - <module> - Start program
09-02-2023 15:21:04 - user_interface - INFO - menu_calc - Start menu calc. With rational.
09-02-2023 15:21:15 - user_interface - WARNING - division_sign - Enter division sign error.
09-02-2023 15:27:44 - main - INFO - <module> - Start program
09-02-2023 15:27:45 - user_interface - INFO - menu_calc - Start menu calc. With rational.
09-02-2023 15:27:52 - user_interface - INFO - menu_calc - Div: 2 + 2 = 4
09-02-2023 15:27:55 - excep - WARNING - check_data_user - Incorrect data entered!
09-02-2023 15:28:01 - excep - WARNING - check_data_user - Incorrect data entered!
09-02-2023 15:28:01 - user_interface - INFO - menu_calc - Div: 2 + 2 = 4
09-02-2023 15:29:00 - user_interface - WARNING - menu_calc - Main menu, wrong item selected.
09-02-2023 15:29:04 - user_interface - INFO - menu_calc - Div: 1 + 2 = 3
09-02-2023 15:29:07 - user_interface - INFO - menu_calc - Return menu
09-02-2023 15:29:09 - user_interface - INFO - menu - Stop program
09-02-2023 15:29:11 - main - INFO - <module> - Start program
09-02-2023 15:29:11 - user_interface - INFO - menu_calc - Start menu calc. With rational.
09-02-2023 15:29:14 - excep - WARNING - check_data_user - Incorrect data entered!
09-02-2023 15:29:15 - excep - WARNING - check_data_user - Incorrect data entered!
09-02-2023 15:29:15 - excep - WARNING - check_data_user - Incorrect data entered!
09-02-2023 15:29:15 - excep - WARNING - check_data_user - Incorrect data entered!
09-02-2023 15:31:51 - main - INFO - <module> - Start program
09-02-2023 15:31:53 - user_interface - INFO - menu_calc - Start menu calc. With rational.
09-02-2023 15:34:53 - main - INFO - <module> - Start program
09-02-2023 15:34:54 - user_interface - INFO - menu_calc - Start menu calc. With rational.
09-02-2023 15:35:02 - main - INFO - <module> - Start program
09-02-2023 15:35:03 - user_interface - INFO - menu_calc - Start menu calc. With rational.
09-02-2023 15:35:04 - excep - WARNING - check_data_user - Incorrect data entered!
09-02-2023 15:35:05 - user_interface - INFO - menu_calc - Div: 2 + 2 = 4
09-02-2023 15:35:09 - user_interface - WARNING - menu_calc - Main menu, wrong item selected.
09-02-2023 15:35:28 - user_interface - INFO - menu_calc - Div: 12 - 1 = 11
09-02-2023 15:35:31 - user_interface - INFO - menu_calc - Div: 2 + 3 = 5
09-02-2023 15:35:36 - excep - WARNING - check_data_user - Incorrect data entered!
09-02-2023 15:35:37 - user_interface - INFO - menu_calc - Div: 1 + 2 = 3
09-02-2023 15:35:40 - user_interface - INFO - menu_calc - Div: 123 - 1 = 122
09-02-2023 15:35:44 - user_interface - INFO - menu_calc - Div: 2 ** 12 = 4096
09-02-2023 15:35:53 - user_interface - INFO - menu_calc - Div: 123 / 22 = 5.59
09-02-2023 15:36:04 - user_interface - INFO - menu_calc - Div: 123 // 22 = 5
